[12:13:51] [Client thread/INFO]: Setting user: Player46
[12:13:56] [Client thread/INFO]: LWJGL Version: 2.9.4
[12:14:02] [Client thread/INFO]: Reloading ResourceManager: Default, FMLFileResourcePack:Forge Mod Loader, FMLFileResourcePack:Minecraft Forge, FMLFileResourcePack:Summoner
[12:14:03] [Sound Library Loader/INFO]: Starting up SoundSystem...
[12:14:03] [Thread-9/INFO]: Initializing LWJGL OpenAL
[12:14:03] [Thread-9/INFO]: (The LWJGL binding of OpenAL.  For more information, see http://www.lwjgl.org)
[12:14:03] [Thread-9/INFO]: OpenAL initialized.
[12:14:03] [Sound Library Loader/INFO]: Sound engine started
[12:14:04] [Client thread/WARN]: Invalid sounds.json
com.google.gson.JsonSyntaxException: Expected sound to be a JsonObject, was null (json)
	at net.minecraft.util.JsonUtils.getJsonObject(JsonUtils.java:254) ~[JsonUtils.class:?]
	at net.minecraft.client.audio.SoundListSerializer.deserialize(SoundListSerializer.java:42) ~[SoundListSerializer.class:?]
	at net.minecraft.client.audio.SoundListSerializer.deserialize(SoundListSerializer.java:15) ~[SoundListSerializer.class:?]
	at com.google.gson.TreeTypeAdapter.read(TreeTypeAdapter.java:58) ~[TreeTypeAdapter.class:?]
	at com.google.gson.internal.bind.TypeAdapterRuntimeTypeWrapper.read(TypeAdapterRuntimeTypeWrapper.java:40) ~[TypeAdapterRuntimeTypeWrapper.class:?]
	at com.google.gson.internal.bind.MapTypeAdapterFactory$Adapter.read(MapTypeAdapterFactory.java:187) ~[MapTypeAdapterFactory$Adapter.class:?]
	at com.google.gson.internal.bind.MapTypeAdapterFactory$Adapter.read(MapTypeAdapterFactory.java:145) ~[MapTypeAdapterFactory$Adapter.class:?]
	at com.google.gson.Gson.fromJson(Gson.java:803) ~[Gson.class:?]
	at com.google.gson.Gson.fromJson(Gson.java:768) ~[Gson.class:?]
	at net.minecraft.client.audio.SoundHandler.getSoundMap(SoundHandler.java:101) ~[SoundHandler.class:?]
	at net.minecraft.client.audio.SoundHandler.onResourceManagerReload(SoundHandler.java:75) [SoundHandler.class:?]
	at net.minecraft.client.resources.SimpleReloadableResourceManager.registerReloadListener(SimpleReloadableResourceManager.java:120) [SimpleReloadableResourceManager.class:?]
	at net.minecraft.client.Minecraft.startGame(Minecraft.java:459) [Minecraft.class:?]
	at net.minecraft.client.Minecraft.run(Minecraft.java:360) [Minecraft.class:?]
	at net.minecraft.client.main.Main.main(Main.java:116) [Main.class:?]
	at sun.reflect.NativeMethodAccessorImpl.invoke0(Native Method) ~[?:1.7.0_79]
	at sun.reflect.NativeMethodAccessorImpl.invoke(NativeMethodAccessorImpl.java:57) ~[?:1.7.0_79]
	at sun.reflect.DelegatingMethodAccessorImpl.invoke(DelegatingMethodAccessorImpl.java:43) ~[?:1.7.0_79]
	at java.lang.reflect.Method.invoke(Method.java:606) ~[?:1.7.0_79]
	at net.minecraft.launchwrapper.Launch.launch(Launch.java:135) [launchwrapper-1.12.jar:?]
	at net.minecraft.launchwrapper.Launch.main(Launch.java:28) [launchwrapper-1.12.jar:?]
	at sun.reflect.NativeMethodAccessorImpl.invoke0(Native Method) ~[?:1.7.0_79]
	at sun.reflect.NativeMethodAccessorImpl.invoke(NativeMethodAccessorImpl.java:57) ~[?:1.7.0_79]
	at sun.reflect.DelegatingMethodAccessorImpl.invoke(DelegatingMethodAccessorImpl.java:43) ~[?:1.7.0_79]
	at java.lang.reflect.Method.invoke(Method.java:606) ~[?:1.7.0_79]
	at net.minecraftforge.gradle.GradleStartCommon.launch(GradleStartCommon.java:97) [start/:?]
	at GradleStart.main(GradleStart.java:26) [start/:?]
[12:14:12] [Client thread/INFO]: Created: 16x16 textures-atlas
[12:14:14] [Client thread/INFO]: Reloading ResourceManager: Default, FMLFileResourcePack:Forge Mod Loader, FMLFileResourcePack:Minecraft Forge, FMLFileResourcePack:Summoner
[12:14:15] [Client thread/INFO]: SoundSystem shutting down...
[12:14:15] [Client thread/WARN]: Author: Paul Lamb, www.paulscode.com
[12:14:15] [Sound Library Loader/INFO]: Starting up SoundSystem...
[12:14:15] [Thread-11/INFO]: Initializing LWJGL OpenAL
[12:14:15] [Thread-11/INFO]: (The LWJGL binding of OpenAL.  For more information, see http://www.lwjgl.org)
[12:14:15] [Thread-11/INFO]: OpenAL initialized.
[12:14:15] [Sound Library Loader/INFO]: Sound engine started
[12:14:16] [Client thread/WARN]: Invalid sounds.json
com.google.gson.JsonSyntaxException: Expected sound to be a JsonObject, was null (json)
	at net.minecraft.util.JsonUtils.getJsonObject(JsonUtils.java:254) ~[JsonUtils.class:?]
	at net.minecraft.client.audio.SoundListSerializer.deserialize(SoundListSerializer.java:42) ~[SoundListSerializer.class:?]
	at net.minecraft.client.audio.SoundListSerializer.deserialize(SoundListSerializer.java:15) ~[SoundListSerializer.class:?]
	at com.google.gson.TreeTypeAdapter.read(TreeTypeAdapter.java:58) ~[TreeTypeAdapter.class:?]
	at com.google.gson.internal.bind.TypeAdapterRuntimeTypeWrapper.read(TypeAdapterRuntimeTypeWrapper.java:40) ~[TypeAdapterRuntimeTypeWrapper.class:?]
	at com.google.gson.internal.bind.MapTypeAdapterFactory$Adapter.read(MapTypeAdapterFactory.java:187) ~[MapTypeAdapterFactory$Adapter.class:?]
	at com.google.gson.internal.bind.MapTypeAdapterFactory$Adapter.read(MapTypeAdapterFactory.java:145) ~[MapTypeAdapterFactory$Adapter.class:?]
	at com.google.gson.Gson.fromJson(Gson.java:803) ~[Gson.class:?]
	at com.google.gson.Gson.fromJson(Gson.java:768) ~[Gson.class:?]
	at net.minecraft.client.audio.SoundHandler.getSoundMap(SoundHandler.java:101) ~[SoundHandler.class:?]
	at net.minecraft.client.audio.SoundHandler.onResourceManagerReload(SoundHandler.java:75) [SoundHandler.class:?]
	at net.minecraft.client.resources.SimpleReloadableResourceManager.notifyReloadListeners(SimpleReloadableResourceManager.java:130) [SimpleReloadableResourceManager.class:?]
	at net.minecraft.client.resources.SimpleReloadableResourceManager.reloadResources(SimpleReloadableResourceManager.java:111) [SimpleReloadableResourceManager.class:?]
	at net.minecraft.client.Minecraft.refreshResources(Minecraft.java:772) [Minecraft.class:?]
	at net.minecraftforge.fml.client.FMLClientHandler.finishMinecraftLoading(FMLClientHandler.java:326) [FMLClientHandler.class:?]
	at net.minecraft.client.Minecraft.startGame(Minecraft.java:532) [Minecraft.class:?]
	at net.minecraft.client.Minecraft.run(Minecraft.java:360) [Minecraft.class:?]
	at net.minecraft.client.main.Main.main(Main.java:116) [Main.class:?]
	at sun.reflect.NativeMethodAccessorImpl.invoke0(Native Method) ~[?:1.7.0_79]
	at sun.reflect.NativeMethodAccessorImpl.invoke(NativeMethodAccessorImpl.java:57) ~[?:1.7.0_79]
	at sun.reflect.DelegatingMethodAccessorImpl.invoke(DelegatingMethodAccessorImpl.java:43) ~[?:1.7.0_79]
	at java.lang.reflect.Method.invoke(Method.java:606) ~[?:1.7.0_79]
	at net.minecraft.launchwrapper.Launch.launch(Launch.java:135) [launchwrapper-1.12.jar:?]
	at net.minecraft.launchwrapper.Launch.main(Launch.java:28) [launchwrapper-1.12.jar:?]
	at sun.reflect.NativeMethodAccessorImpl.invoke0(Native Method) ~[?:1.7.0_79]
	at sun.reflect.NativeMethodAccessorImpl.invoke(NativeMethodAccessorImpl.java:57) ~[?:1.7.0_79]
	at sun.reflect.DelegatingMethodAccessorImpl.invoke(DelegatingMethodAccessorImpl.java:43) ~[?:1.7.0_79]
	at java.lang.reflect.Method.invoke(Method.java:606) ~[?:1.7.0_79]
	at net.minecraftforge.gradle.GradleStartCommon.launch(GradleStartCommon.java:97) [start/:?]
	at GradleStart.main(GradleStart.java:26) [start/:?]
[12:14:23] [Client thread/INFO]: Created: 512x512 textures-atlas
[12:14:24] [Realms Notification Availability checker #1/INFO]: Could not authorize you against Realms server: Invalid session id
[12:14:33] [Client thread/INFO]: Stopping!
[12:14:33] [Client thread/INFO]: SoundSystem shutting down...
[12:14:33] [Client thread/WARN]: Author: Paul Lamb, www.paulscode.com
